Successfully installed filetype-1.2.0 idna-3.7 nvidia-cublas-cu12-12.4.5.8 nvidia-cuda-cupti-cu12-12.4.127 nvidia-cuda-nvrtc-cu12-12.4.127 nvidia-cuda-runtime-cu12-12.4.127 nvidia-cudnn-cu12-9.1.0.70 nvidia-cufft-cu12-11.2.1.3 nvidia-curand-cu12-10.3.5.147 nvidia-cusolver-cu12-11.6.1.9 nvidia-cusparse-cu12-12.3.1.170 nvidia-nvjitlink-cu12-12.4.127 opencv-python-headless-4.10.0.84 pillow-avif-plugin-1.5.2 pillow-heif-1.0.0 python-dotenv-1.1.1 roboflow-1.2.1 supervision-0.26.0 ultralytics-8.3.168 ultralytics-thop-2.0.14
Creating new Ultralytics Settings v0.0.6 file ‚úÖ 
View Ultralytics Settings with 'yolo settings' or at '/root/.config/Ultralytics/settings.json'
Update Settings with 'yolo settings key=value', i.e. 'yolo settings runs_dir=path/to/dir'. For help see https://docs.ultralytics.com/quickstart/#ultralytics-settings.
Using device: cuda
üîç Downloading real interior datasets...
Trying park-jong-il-k1lxw/wall-floor-ceiling-recognition...
loading Roboflow workspace...
loading Roboflow project...
Downloading Dataset Version Zip in wall-floor-ceiling-recognition-1 to yolov8:: 100%|‚ñà‚ñà‚ñà‚ñà‚ñà‚ñà‚ñà‚ñà‚ñà‚ñà| 1267/1267 [00:01<00:00, 922.19it/s] 

Extracting Dataset Version Zip to wall-floor-ceiling-recognition-1 in yolov8:: 100%|‚ñà‚ñà‚ñà‚ñà‚ñà‚ñà‚ñà‚ñà‚ñà‚ñà| 68/68 [00:00<00:00, 8278.07it/s]‚úÖ Downloaded wall-floor-ceiling-recognition to /content/wall-floor-ceiling-recognition-1
   Training images: 19, Validation: 5
Trying testing-daidy/floor-plan-walls...
loading Roboflow workspace...

loading Roboflow project...
Downloading Dataset Version Zip in Floor-Plan-Walls-1 to yolov8:: 100%|‚ñà‚ñà‚ñà‚ñà‚ñà‚ñà‚ñà‚ñà‚ñà‚ñà| 88080/88080 [00:06<00:00, 13293.78it/s]

Extracting Dataset Version Zip to Floor-Plan-Walls-1 in yolov8:: 100%|‚ñà‚ñà‚ñà‚ñà‚ñà‚ñà‚ñà‚ñà‚ñà‚ñà| 8112/8112 [00:00<00:00, 8469.50it/s]
‚úÖ Downloaded floor-plan-walls to /content/Floor-Plan-Walls-1
   Training images: 3738, Validation: 209
   Good dataset found! Using floor-plan-walls

üìä Successfully downloaded 2 real datasets
Processing wall-floor-ceiling-recognition...
   Classes: ['walls']
Processing floor-plan-walls...
   Classes: ['wall']
‚úÖ Combined 4078 real images
‚úÖ Found classes: ['wall', 'walls']
‚úÖ Training config ready with 1 classes: ['wall']
üöÄ Starting YOLO11 training on REAL interior images...
Downloading https://github.com/ultralytics/assets/releases/download/v8.3.0/yolo11n.pt to 'yolo11n.pt'...
100%|‚ñà‚ñà‚ñà‚ñà‚ñà‚ñà‚ñà‚ñà‚ñà‚ñà| 5.35M/5.35M [00:00<00:00, 373MB/s]Ultralytics 8.3.168 üöÄ Python-3.11.13 torch-2.6.0+cu124 CUDA:0 (Tesla T4, 15095MiB)

engine/trainer: agnostic_nms=False, amp=True, augment=False, auto_augment=randaugment, batch=8, bgr=0.0, box=7.5, cache=False, cfg=None, classes=None, close_mosaic=10, cls=0.5, conf=None, copy_paste=0.0, copy_paste_mode=flip, cos_lr=False, cutmix=0.0, data=./combined_real_dataset/data.yaml, degrees=0.0, deterministic=True, device=0, dfl=1.5, dnn=False, dropout=0.0, dynamic=False, embed=None, epochs=50, erasing=0.4, exist_ok=False, fliplr=0.5, flipud=0.0, format=torchscript, fraction=1.0, freeze=None, half=False, hsv_h=0.015, hsv_s=0.7, hsv_v=0.4, imgsz=640, int8=False, iou=0.7, keras=False, kobj=1.0, line_width=None, lr0=0.01, lrf=0.01, mask_ratio=4, max_det=300, mixup=0.0, mode=train, model=yolo11n.pt, momentum=0.937, mosaic=1.0, multi_scale=False, name=real_interior_training, nbs=64, nms=False, opset=None, optimize=False, optimizer=auto, overlap_mask=True, patience=15, perspective=0.0, plots=True, pose=12.0, pretrained=True, profile=False, project=None, rect=False, resume=False, retina_masks=False, save=True, save_conf=False, save_crop=False, save_dir=runs/detect/real_interior_training, save_frames=False, save_json=False, save_period=-1, save_txt=False, scale=0.5, seed=0, shear=0.0, show=False, show_boxes=True, show_conf=True, show_labels=True, simplify=True, single_cls=False, source=None, split=val, stream_buffer=False, task=detect, time=None, tracker=botsort.yaml, translate=0.1, val=True, verbose=True, vid_stride=1, visualize=False, warmup_bias_lr=0.1, warmup_epochs=3.0, warmup_momentum=0.8, weight_decay=0.0005, workers=8, workspace=None

---------------------------------------------------------------------------
FileNotFoundError                         Traceback (most recent call last)
/usr/local/lib/python3.11/dist-packages/ultralytics/engine/trainer.py in get_dataset(self)
    606             }:
--> 607                 data = check_det_dataset(self.args.data)
    608                 if "yaml_file" in data:

4 frames
FileNotFoundError: Dataset 'combined_real_dataset/data.yaml' images not found, missing path '/content/combined_real_dataset/combined_real_dataset/val'
Note dataset download directory is '/content/datasets'. You can update this in '/root/.config/Ultralytics/settings.json'

The above exception was the direct cause of the following exception:

RuntimeError                              Traceback (most recent call last)
/usr/local/lib/python3.11/dist-packages/ultralytics/engine/trainer.py in get_dataset(self)
    609                     self.args.data = data["yaml_file"]  # for validating 'yolo train data=url.zip' usage
    610         except Exception as e:
--> 611             raise RuntimeError(emojis(f"Dataset '{clean_url(self.args.data)}' error ‚ùå {e}")) from e
    612         if self.args.single_cls:
    613             LOGGER.info("Overriding class names with single class.")

RuntimeError: Dataset 'combined_real_dataset/data.yaml' error ‚ùå Dataset 'combined_real_dataset/data.yaml' images not found, missing path '/content/combined_real_dataset/combined_real_dataset/val'
Note dataset download directory is '/content/datasets'. You can update this in '/root/.config/Ultralytics/settings.json'